<?xml version="1.0" encoding="UTF-8"?>
<!-- Generated by org.testng.reporters.JUnitReportReporter -->
<testsuite skipped="0" hostname="Sergios-MacBook-Pro.local" name="MercuryScripts.LoginMercuryPage" tests="1" failures="0" timestamp="31 Oct 2017 22:19:25 GMT" time="6.165" errors="0">
  <testcase name="validateMercuryLoginPage" time="6.165" classname="MercuryScripts.LoginMercuryPage"/>
</testsuite> <!-- MercuryScripts.LoginMercuryPage -->
